<?xml version="1.0" encoding="UTF-8"?>
<!-- Generated by org.testng.reporters.JUnitXMLReporter -->
<testsuite ignored="0" hostname="admin-PC" failures="0" tests="6" name="Default test" time="0.08" errors="0" timestamp="25 Mar 2021 06:34:22 GMT">
  <testcase classname="com.qa.testng.MultiplesTime_InvocationCounter" name="multipleexcution" time="0.012"/>
  <testcase classname="com.qa.testng.MultiplesTime_InvocationCounter" name="multipleexcution" time="0.011"/>
  <testcase classname="com.qa.testng.MultiplesTime_InvocationCounter" name="multipleexcution" time="0.018"/>
  <testcase classname="com.qa.testng.MultiplesTime_InvocationCounter" name="multipleexcution" time="0.023"/>
  <testcase classname="com.qa.testng.MultiplesTime_InvocationCounter" name="multipleexcution" time="0.032"/>
  <testcase classname="com.qa.testng.MultiplesTime_InvocationCounter" name="multipleexcution" time="0.036"/>
</testsuite> <!-- Default test -->
