<?xml version="1.0" encoding="UTF-8"?>
<testng-results ignored="0" total="6" passed="6" failed="0" skipped="0">
  <reporter-output>
  </reporter-output>
  <suite started-at="2021-03-25T06:34:22Z" name="Suite" finished-at="2021-03-25T06:34:22Z" duration-ms="80">
    <groups>
    </groups>
    <test started-at="2021-03-25T06:34:22Z" name="Default test" finished-at="2021-03-25T06:34:22Z" duration-ms="80">
      <class name="com.qa.testng.MultiplesTime_InvocationCounter">
        <test-method signature="multipleexcution()[pri:0, instance:com.qa.testng.MultiplesTime_InvocationCounter@429bffaa]" started-at="2021-03-25T06:34:22Z" name="multipleexcution" finished-at="2021-03-25T06:34:22Z" duration-ms="12" status="PASS">
          <reporter-output>
          </reporter-output>
        </test-method> <!-- multipleexcution -->
        <test-method signature="multipleexcution()[pri:0, instance:com.qa.testng.MultiplesTime_InvocationCounter@429bffaa]" started-at="2021-03-25T06:34:22Z" name="multipleexcution" finished-at="2021-03-25T06:34:22Z" duration-ms="32" status="PASS">
          <reporter-output>
          </reporter-output>
        </test-method> <!-- multipleexcution -->
        <test-method signature="multipleexcution()[pri:0, instance:com.qa.testng.MultiplesTime_InvocationCounter@429bffaa]" started-at="2021-03-25T06:34:22Z" name="multipleexcution" finished-at="2021-03-25T06:34:22Z" duration-ms="23" status="PASS">
          <reporter-output>
          </reporter-output>
        </test-method> <!-- multipleexcution -->
        <test-method signature="multipleexcution()[pri:0, instance:com.qa.testng.MultiplesTime_InvocationCounter@429bffaa]" started-at="2021-03-25T06:34:22Z" name="multipleexcution" finished-at="2021-03-25T06:34:22Z" duration-ms="18" status="PASS">
          <reporter-output>
          </reporter-output>
        </test-method> <!-- multipleexcution -->
        <test-method signature="multipleexcution()[pri:0, instance:com.qa.testng.MultiplesTime_InvocationCounter@429bffaa]" started-at="2021-03-25T06:34:22Z" name="multipleexcution" finished-at="2021-03-25T06:34:22Z" duration-ms="11" status="PASS">
          <reporter-output>
          </reporter-output>
        </test-method> <!-- multipleexcution -->
        <test-method signature="multipleexcution()[pri:0, instance:com.qa.testng.MultiplesTime_InvocationCounter@429bffaa]" started-at="2021-03-25T06:34:22Z" name="multipleexcution" finished-at="2021-03-25T06:34:22Z" duration-ms="36" status="PASS">
          <reporter-output>
          </reporter-output>
        </test-method> <!-- multipleexcution -->
      </class> <!-- com.qa.testng.MultiplesTime_InvocationCounter -->
    </test> <!-- Default test -->
  </suite> <!-- Suite -->
</testng-results>
